Determining if the pthread_create exist failed with the following output:
Change Dir: /home/ax/Code/ROS_projects/rviz_work/build/CMakeFiles/CMakeTmp

Run Build Command:"/usr/bin/make" "cmTC_662bc/fast"
/usr/bin/make -f CMakeFiles/cmTC_662bc.dir/build.make CMakeFiles/cmTC_662bc.dir/build
make[1]: Entering directory '/home/ax/Code/ROS_projects/rviz_work/build/CMakeFiles/CMakeTmp'
Building C object CMakeFiles/cmTC_662bc.dir/CheckSymbolExists.c.o
/usr/bin/cc    -o CMakeFiles/cmTC_662bc.dir/CheckSymbolExists.c.o   -c /home/ax/Code/ROS_projects/rviz_work/build/CMakeFiles/CMakeTmp/CheckSymbolExists.c
Linking C executable cmTC_662bc
/usr/bin/cmake -E cmake_link_script CMakeFiles/cmTC_662bc.dir/link.txt --verbose=1
/usr/bin/cc      -rdynamic CMakeFiles/cmTC_662bc.dir/CheckSymbolExists.c.o  -o cmTC_662bc 
CMakeFiles/cmTC_662bc.dir/CheckSymbolExists.c.o: In function `main':
CheckSymbolExists.c:(.text+0x1b): undefined reference to `pthread_create'
collect2: error: ld returned 1 exit status
CMakeFiles/cmTC_662bc.dir/build.make:97: recipe for target 'cmTC_662bc' failed
make[1]: *** [cmTC_662bc] Error 1
make[1]: Leaving directory '/home/ax/Code/ROS_projects/rviz_work/build/CMakeFiles/CMakeTmp'
Makefile:126: recipe for target 'cmTC_662bc/fast' failed
make: *** [cmTC_662bc/fast] Error 2

File /home/ax/Code/ROS_projects/rviz_work/build/CMakeFiles/CMakeTmp/CheckSymbolExists.c:
/* */
#include <pthread.h>

int main(int argc, char** argv)
{
  (void)argv;
#ifndef pthread_create
  return ((int*)(&pthread_create))[argc];
#else
  (void)argc;
  return 0;
#endif
}

Determining if the function pthread_create exists in the pthreads failed with the following output:
Change Dir: /home/ax/Code/ROS_projects/rviz_work/build/CMakeFiles/CMakeTmp

Run Build Command:"/usr/bin/make" "cmTC_61680/fast"
/usr/bin/make -f CMakeFiles/cmTC_61680.dir/build.make CMakeFiles/cmTC_61680.dir/build
make[1]: Entering directory '/home/ax/Code/ROS_projects/rviz_work/build/CMakeFiles/CMakeTmp'
Building C object CMakeFiles/cmTC_61680.dir/CheckFunctionExists.c.o
/usr/bin/cc   -DCHECK_FUNCTION_EXISTS=pthread_create   -o CMakeFiles/cmTC_61680.dir/CheckFunctionExists.c.o   -c /usr/share/cmake-3.10/Modules/CheckFunctionExists.c
Linking C executable cmTC_61680
/usr/bin/cmake -E cmake_link_script CMakeFiles/cmTC_61680.dir/link.txt --verbose=1
/usr/bin/cc  -DCHECK_FUNCTION_EXISTS=pthread_create    -rdynamic CMakeFiles/cmTC_61680.dir/CheckFunctionExists.c.o  -o cmTC_61680 -lpthreads 
/usr/bin/ld: cannot find -lpthreads
collect2: error: ld returned 1 exit status
CMakeFiles/cmTC_61680.dir/build.make:97: recipe for target 'cmTC_61680' failed
make[1]: *** [cmTC_61680] Error 1
make[1]: Leaving directory '/home/ax/Code/ROS_projects/rviz_work/build/CMakeFiles/CMakeTmp'
Makefile:126: recipe for target 'cmTC_61680/fast' failed
make: *** [cmTC_61680/fast] Error 2


